2017-04-24 15:52:52,898 - link_extractor - INFO - -----------------------------------------------
2017-04-24 15:52:52,898 - link_extractor - INFO - creating search class
2017-04-24 15:52:54,291 - link_extractor - INFO - product link sucessfully extracted
2017-04-24 15:52:55,267 - link_extractor - INFO - product link sucessfully extracted
2017-04-24 15:52:56,278 - link_extractor - INFO - product link sucessfully extracted
2017-04-24 15:52:57,401 - link_extractor - INFO - product link sucessfully extracted
2017-04-24 15:58:57,730 - link_extractor - INFO - -----------------------------------------------
2017-04-24 15:58:57,731 - link_extractor - INFO - creating search class
2017-04-24 15:58:58,974 - link_extractor - INFO - SUCCESS: product link sucessfully extracted
2017-04-24 15:59:00,086 - link_extractor - INFO - SUCCESS: product link sucessfully extracted
2017-04-24 15:59:01,095 - link_extractor - INFO - SUCCESS: product link sucessfully extracted
2017-04-24 15:59:02,322 - link_extractor - INFO - SUCCESS: product link sucessfully extracted
2017-04-24 16:03:23,646 - link_extractor - INFO - -----------------------------------------------
2017-04-24 16:03:23,646 - link_extractor - INFO - creating search class
2017-04-24 16:03:24,822 - link_extractor - INFO - SUCCESS: product link sucessfully extracted
2017-04-24 16:03:25,605 - link_extractor - INFO - SUCCESS: product link sucessfully extracted
2017-04-24 16:03:26,483 - link_extractor - INFO - SUCCESS: product link sucessfully extracted
2017-04-24 16:03:27,415 - link_extractor - INFO - SUCCESS: product link sucessfully extracted
2017-04-24 16:05:59,122 - link_extractor - INFO - -----------------------------------------------
2017-04-24 16:05:59,122 - link_extractor - INFO - creating search class
2017-04-24 16:06:00,296 - link_extractor - INFO - ERR: product link cannot be obtained from webpage
2017-04-24 16:06:01,289 - link_extractor - INFO - ERR: product link cannot be obtained from webpage
2017-04-24 16:06:02,509 - link_extractor - INFO - ERR: product link cannot be obtained from webpage
2017-04-24 16:06:03,718 - link_extractor - INFO - ERR: product link cannot be obtained from webpage
2017-04-24 16:11:05,249 - link_extractor - INFO - -----------------------------------------------
2017-04-24 16:11:05,250 - link_extractor - INFO - creating search class
2017-04-24 16:11:06,545 - link_extractor - INFO - ERR: product link cannot be obtained from webpage
2017-04-24 16:11:07,622 - link_extractor - INFO - ERR: product link cannot be obtained from webpage
2017-04-24 16:11:08,903 - link_extractor - INFO - ERR: product link cannot be obtained from webpage
2017-04-24 16:11:10,225 - link_extractor - INFO - ERR: product link cannot be obtained from webpage
2017-04-24 16:18:49,375 - link_extractor - INFO - -----------------------------------------------
2017-04-24 16:18:49,376 - link_extractor - INFO - creating search class
2017-04-24 16:18:50,725 - link_extractor - INFO - ERR: product link cannot be obtained from webpage
2017-04-24 16:18:51,687 - link_extractor - INFO - ERR: product link cannot be obtained from webpage
2017-04-24 16:18:52,665 - link_extractor - INFO - ERR: product link cannot be obtained from webpage
2017-04-24 16:18:53,774 - link_extractor - INFO - ERR: product link cannot be obtained from webpage
2017-04-24 16:29:30,698 - link_extractor - INFO - -----------------------------------------------
2017-04-24 16:29:30,699 - link_extractor - INFO - creating search class
2017-04-24 16:29:31,961 - link_extractor - INFO - SUCCESS: product link sucessfully extracted
2017-04-24 16:29:32,978 - link_extractor - INFO - SUCCESS: product link sucessfully extracted
2017-04-24 16:29:33,987 - link_extractor - INFO - SUCCESS: product link sucessfully extracted
2017-04-24 16:29:40,173 - link_extractor - INFO - SUCCESS: product link sucessfully extracted
2017-04-24 16:29:43,732 - link_extractor - INFO - -----------------------------------------------
2017-04-24 16:29:43,732 - link_extractor - INFO - creating search class
2017-04-24 16:29:57,652 - link_extractor - INFO - -----------------------------------------------
2017-04-24 16:29:57,652 - link_extractor - INFO - creating search class
2017-04-24 16:29:58,829 - link_extractor - INFO - AttributeError
2017-04-24 16:29:59,676 - link_extractor - INFO - AttributeError
2017-04-24 16:30:00,587 - link_extractor - INFO - AttributeError
2017-04-24 16:30:01,770 - link_extractor - INFO - AttributeError
2017-04-24 16:33:36,265 - link_extractor - INFO - -----------------------------------------------
2017-04-24 16:33:36,267 - link_extractor - INFO - creating search class
2017-04-24 16:33:37,583 - link_extractor - ERROR - ERR exception:
Traceback (most recent call last):
  File "/home/ubuntu/workspace/amzn/amzn/spiders/modules/getQueries.py", line 80, in search_query
    product_links = product_links.strip("][")
AttributeError: 'list' object has no attribute 'strip'
2017-04-24 16:33:38,554 - link_extractor - ERROR - ERR exception:
Traceback (most recent call last):
  File "/home/ubuntu/workspace/amzn/amzn/spiders/modules/getQueries.py", line 80, in search_query
    product_links = product_links.strip("][")
AttributeError: 'list' object has no attribute 'strip'
2017-04-24 16:33:39,412 - link_extractor - ERROR - ERR exception:
Traceback (most recent call last):
  File "/home/ubuntu/workspace/amzn/amzn/spiders/modules/getQueries.py", line 80, in search_query
    product_links = product_links.strip("][")
AttributeError: 'list' object has no attribute 'strip'
2017-04-24 16:33:40,598 - link_extractor - ERROR - ERR exception:
Traceback (most recent call last):
  File "/home/ubuntu/workspace/amzn/amzn/spiders/modules/getQueries.py", line 80, in search_query
    product_links = product_links.strip("][")
AttributeError: 'list' object has no attribute 'strip'
2017-04-24 16:37:36,081 - link_extractor - INFO - -----------------------------------------------
2017-04-24 16:37:36,081 - link_extractor - INFO - creating search class
2017-04-24 16:37:37,891 - link_extractor - INFO - SUCCESS: product link sucessfully extracted
2017-04-24 16:37:38,863 - link_extractor - INFO - SUCCESS: product link sucessfully extracted
2017-04-24 16:37:39,968 - link_extractor - INFO - SUCCESS: product link sucessfully extracted
2017-04-24 16:37:41,126 - link_extractor - INFO - SUCCESS: product link sucessfully extracted
2017-04-24 17:01:00,927 - link_extractor - INFO - -----------------------------------------------
2017-04-24 17:01:00,928 - link_extractor - INFO - creating search class
2017-04-24 17:01:52,215 - link_extractor - INFO - -----------------------------------------------
2017-04-24 17:01:52,215 - link_extractor - INFO - creating search class
2017-04-24 17:03:15,545 - link_extractor - INFO - -----------------------------------------------
2017-04-24 17:03:15,546 - link_extractor - INFO - creating search class
2017-04-24 17:03:15,546 - link_extractor - INFO - -----------------------------------------------
2017-04-24 17:03:15,546 - link_extractor - INFO - -----------------------------------------------
2017-04-24 17:03:15,546 - link_extractor - INFO - creating search class
2017-04-24 17:03:15,546 - link_extractor - INFO - creating search class
2017-04-24 17:04:11,055 - link_extractor - INFO - -----------------------------------------------
2017-04-24 17:04:11,055 - link_extractor - INFO - creating search class
2017-04-24 17:04:11,055 - link_extractor - INFO - -----------------------------------------------
2017-04-24 17:04:11,055 - link_extractor - INFO - -----------------------------------------------
2017-04-24 17:04:11,055 - link_extractor - INFO - creating search class
2017-04-24 17:04:11,055 - link_extractor - INFO - creating search class
2017-04-24 17:04:12,700 - link_extractor - INFO - SUCCESS: product link sucessfully extracted:
2017-04-24 17:04:12,700 - link_extractor - INFO - SUCCESS: product link sucessfully extracted:
2017-04-24 17:04:13,761 - link_extractor - INFO - SUCCESS: product link sucessfully extracted:
2017-04-24 17:04:13,761 - link_extractor - INFO - SUCCESS: product link sucessfully extracted:
2017-04-24 17:04:15,682 - link_extractor - INFO - SUCCESS: product link sucessfully extracted:
2017-04-24 17:04:15,682 - link_extractor - INFO - SUCCESS: product link sucessfully extracted:
2017-04-24 17:04:16,750 - link_extractor - INFO - SUCCESS: product link sucessfully extracted:
2017-04-24 17:04:16,750 - link_extractor - INFO - SUCCESS: product link sucessfully extracted:
2017-04-24 17:08:05,129 - link_extractor - INFO - -----------------------------------------------
2017-04-24 17:08:05,129 - link_extractor - INFO - creating search class
2017-04-24 17:08:05,129 - link_extractor - INFO - -----------------------------------------------
2017-04-24 17:08:05,129 - link_extractor - INFO - -----------------------------------------------
2017-04-24 17:08:05,130 - link_extractor - INFO - creating search class
2017-04-24 17:08:05,130 - link_extractor - INFO - creating search class
2017-04-24 17:08:07,082 - link_extractor - INFO - SUCCESS: product link sucessfully extracted:
2017-04-24 17:08:07,082 - link_extractor - INFO - SUCCESS: product link sucessfully extracted:
2017-04-24 17:08:08,129 - link_extractor - INFO - SUCCESS: product link sucessfully extracted:
2017-04-24 17:08:08,129 - link_extractor - INFO - SUCCESS: product link sucessfully extracted:
2017-04-24 17:08:09,441 - link_extractor - INFO - SUCCESS: product link sucessfully extracted:
2017-04-24 17:08:09,441 - link_extractor - INFO - SUCCESS: product link sucessfully extracted:
2017-04-24 17:08:10,642 - link_extractor - INFO - SUCCESS: product link sucessfully extracted:
2017-04-24 17:08:10,642 - link_extractor - INFO - SUCCESS: product link sucessfully extracted:
2017-05-01 22:48:09,464 - link_extractor - INFO - -----------------------------------------------
2017-05-01 22:48:09,465 - link_extractor - INFO - creating search class
2017-05-01 22:48:45,432 - link_extractor - INFO - -----------------------------------------------
2017-05-01 22:48:45,432 - link_extractor - INFO - creating search class
2017-05-01 22:52:08,084 - link_extractor - INFO - -----------------------------------------------
2017-05-01 22:52:08,084 - link_extractor - INFO - creating search class
2017-05-01 22:52:44,896 - link_extractor - INFO - -----------------------------------------------
2017-05-01 22:52:44,897 - link_extractor - INFO - creating search class
2017-05-01 22:53:21,057 - link_extractor - INFO - -----------------------------------------------
2017-05-01 22:53:21,057 - link_extractor - INFO - creating search class
2017-05-02 18:05:23,398 - link_extractor - INFO - -----------------------------------------------
2017-05-02 18:05:23,399 - link_extractor - INFO - creating search class
2017-05-02 18:05:57,340 - link_extractor - INFO - -----------------------------------------------
2017-05-02 18:05:57,340 - link_extractor - INFO - creating search class
2017-05-02 18:06:11,624 - link_extractor - INFO - -----------------------------------------------
2017-05-02 18:06:11,624 - link_extractor - INFO - creating search class
2017-05-02 18:31:09,160 - link_extractor - INFO - -----------------------------------------------
2017-05-02 18:31:09,162 - link_extractor - INFO - creating search class
2017-05-02 18:35:04,388 - link_extractor - INFO - -----------------------------------------------
2017-05-02 18:35:04,389 - link_extractor - INFO - creating search class
2017-05-02 18:39:30,957 - link_extractor - INFO - -----------------------------------------------
2017-05-02 18:39:30,958 - link_extractor - INFO - creating search class
2017-05-02 18:41:23,135 - link_extractor - INFO - -----------------------------------------------
2017-05-02 18:41:23,135 - link_extractor - INFO - creating search class
2017-05-02 18:46:14,764 - link_extractor - INFO - -----------------------------------------------
2017-05-02 18:46:14,765 - link_extractor - INFO - creating search class
2017-05-02 18:48:10,938 - link_extractor - INFO - -----------------------------------------------
2017-05-02 18:48:10,940 - link_extractor - INFO - creating search class
2017-05-02 18:48:32,877 - link_extractor - INFO - -----------------------------------------------
2017-05-02 18:48:32,877 - link_extractor - INFO - creating search class
2017-05-02 18:49:23,884 - link_extractor - INFO - -----------------------------------------------
2017-05-02 18:49:23,887 - link_extractor - INFO - creating search class
2017-05-02 18:49:56,761 - link_extractor - INFO - -----------------------------------------------
2017-05-02 18:49:56,763 - link_extractor - INFO - creating search class
2017-05-02 18:50:36,522 - link_extractor - INFO - -----------------------------------------------
2017-05-02 18:50:36,523 - link_extractor - INFO - creating search class
2017-05-02 18:51:33,142 - link_extractor - INFO - -----------------------------------------------
2017-05-02 18:51:33,142 - link_extractor - INFO - creating search class
2017-05-02 18:51:52,066 - link_extractor - INFO - -----------------------------------------------
2017-05-02 18:51:52,066 - link_extractor - INFO - creating search class
2017-05-02 18:52:30,827 - link_extractor - INFO - -----------------------------------------------
2017-05-02 18:52:30,828 - link_extractor - INFO - creating search class
2017-05-02 18:52:46,078 - link_extractor - INFO - -----------------------------------------------
2017-05-02 18:52:46,078 - link_extractor - INFO - creating search class
2017-05-02 18:52:53,025 - link_extractor - ERROR - ERR: ----exception occured----
Traceback (most recent call last):
  File "getQueries.py", line 87, in search_query
    product_links = items[0].xpath(XPATH_LINK) #good?
IndexError: list index out of range
2017-05-02 18:52:56,924 - link_extractor - ERROR - ERR: ----exception occured----
Traceback (most recent call last):
  File "getQueries.py", line 87, in search_query
    product_links = items[0].xpath(XPATH_LINK) #good?
IndexError: list index out of range
2017-05-02 18:53:01,446 - link_extractor - ERROR - ERR: ----exception occured----
Traceback (most recent call last):
  File "getQueries.py", line 87, in search_query
    product_links = items[0].xpath(XPATH_LINK) #good?
IndexError: list index out of range
2017-05-02 18:53:07,591 - link_extractor - ERROR - ERR: ----exception occured----
Traceback (most recent call last):
  File "getQueries.py", line 87, in search_query
    product_links = items[0].xpath(XPATH_LINK) #good?
IndexError: list index out of range
2017-05-03 02:34:14,058 - link_extractor - INFO - -----------------------------------------------
2017-05-03 02:34:14,060 - link_extractor - INFO - creating search class
2017-05-03 02:34:17,268 - link_extractor - ERROR - ERR: ----exception occured----
Traceback (most recent call last):
  File "getQueries.py", line 88, in search_query
    product_links = items.xpath(XPATH_LINK) #good?
AttributeError: 'list' object has no attribute 'xpath'
2017-05-03 02:34:21,493 - link_extractor - ERROR - ERR: ----exception occured----
Traceback (most recent call last):
  File "getQueries.py", line 88, in search_query
    product_links = items.xpath(XPATH_LINK) #good?
AttributeError: 'list' object has no attribute 'xpath'
2017-05-03 03:01:46,976 - link_extractor - INFO - -----------------------------------------------
2017-05-03 03:01:46,978 - link_extractor - INFO - creating search class
2017-05-03 03:01:50,538 - link_extractor - ERROR - ERR: ----exception occured----
Traceback (most recent call last):
  File "getQueries.py", line 88, in search_query
    product_links = items[0].xpath(XPATH_LINK) #good?
IndexError: list index out of range
2017-05-03 03:01:54,490 - link_extractor - ERROR - ERR: ----exception occured----
Traceback (most recent call last):
  File "getQueries.py", line 88, in search_query
    product_links = items[0].xpath(XPATH_LINK) #good?
IndexError: list index out of range
2017-05-03 03:01:58,703 - link_extractor - ERROR - ERR: ----exception occured----
Traceback (most recent call last):
  File "getQueries.py", line 88, in search_query
    product_links = items[0].xpath(XPATH_LINK) #good?
IndexError: list index out of range
2017-05-03 03:02:02,916 - link_extractor - ERROR - ERR: ----exception occured----
Traceback (most recent call last):
  File "getQueries.py", line 88, in search_query
    product_links = items[0].xpath(XPATH_LINK) #good?
IndexError: list index out of range
2017-05-03 03:22:06,151 - link_extractor - INFO - -----------------------------------------------
2017-05-03 03:22:06,152 - link_extractor - INFO - creating search class
2017-05-03 03:39:39,118 - link_extractor - INFO - -----------------------------------------------
2017-05-03 03:39:39,118 - link_extractor - INFO - creating search class
2017-05-03 03:39:42,295 - link_extractor - ERROR - ERR: ----exception occured----
Traceback (most recent call last):
  File "getQueries.py", line 87, in search_query
    product_link = product_links[0]
IndexError: list index out of range
2017-05-03 03:39:47,132 - link_extractor - ERROR - ERR: ----exception occured----
Traceback (most recent call last):
  File "getQueries.py", line 87, in search_query
    product_link = product_links[0]
IndexError: list index out of range
2017-05-03 03:39:50,372 - link_extractor - ERROR - ERR: ----exception occured----
Traceback (most recent call last):
  File "getQueries.py", line 87, in search_query
    product_link = product_links[0]
IndexError: list index out of range
2017-05-03 03:39:53,692 - link_extractor - ERROR - ERR: ----exception occured----
Traceback (most recent call last):
  File "getQueries.py", line 87, in search_query
    product_link = product_links[0]
IndexError: list index out of range
2017-05-03 03:48:42,550 - link_extractor - INFO - -----------------------------------------------
2017-05-03 03:48:42,551 - link_extractor - INFO - creating search class
2017-05-03 03:48:45,624 - link_extractor - ERROR - ERR: ----exception occured----
Traceback (most recent call last):
  File "getQueries.py", line 85, in search_query
    product_links = items[0].xpath(XPATH_LINK) #good?
IndexError: list index out of range
2017-05-03 03:48:48,598 - link_extractor - ERROR - ERR: ----exception occured----
Traceback (most recent call last):
  File "getQueries.py", line 85, in search_query
    product_links = items[0].xpath(XPATH_LINK) #good?
IndexError: list index out of range
2017-05-03 03:48:52,121 - link_extractor - ERROR - ERR: ----exception occured----
Traceback (most recent call last):
  File "getQueries.py", line 85, in search_query
    product_links = items[0].xpath(XPATH_LINK) #good?
IndexError: list index out of range
2017-05-03 03:48:55,669 - link_extractor - ERROR - ERR: ----exception occured----
Traceback (most recent call last):
  File "getQueries.py", line 85, in search_query
    product_links = items[0].xpath(XPATH_LINK) #good?
IndexError: list index out of range
2017-05-03 14:55:24,296 - link_extractor - INFO - -----------------------------------------------
2017-05-03 14:55:24,297 - link_extractor - INFO - creating search class
2017-05-03 14:55:36,878 - link_extractor - INFO - -----------------------------------------------
2017-05-03 14:55:36,878 - link_extractor - INFO - creating search class
2017-05-03 14:55:54,624 - link_extractor - INFO - -----------------------------------------------
2017-05-03 14:55:54,624 - link_extractor - INFO - creating search class
2017-05-03 14:55:59,047 - link_extractor - ERROR - ERR: ----exception occured----
Traceback (most recent call last):
  File "getQueries.py", line 86, in search_query
    product_links = items[0].xpath(XPATH_LINK) #good?
IndexError: list index out of range
2017-05-03 14:56:03,950 - link_extractor - ERROR - ERR: ----exception occured----
Traceback (most recent call last):
  File "getQueries.py", line 86, in search_query
    product_links = items[0].xpath(XPATH_LINK) #good?
IndexError: list index out of range
2017-05-03 14:56:07,454 - link_extractor - ERROR - ERR: ----exception occured----
Traceback (most recent call last):
  File "getQueries.py", line 86, in search_query
    product_links = items[0].xpath(XPATH_LINK) #good?
IndexError: list index out of range
2017-05-03 14:56:11,515 - link_extractor - ERROR - ERR: ----exception occured----
Traceback (most recent call last):
  File "getQueries.py", line 86, in search_query
    product_links = items[0].xpath(XPATH_LINK) #good?
IndexError: list index out of range
2017-05-03 14:56:18,046 - link_extractor - INFO - -----------------------------------------------
2017-05-03 14:56:18,046 - link_extractor - INFO - creating search class
2017-05-03 14:56:22,487 - link_extractor - ERROR - ERR: ----exception occured----
Traceback (most recent call last):
  File "getQueries.py", line 87, in search_query
    product_link = product_links[0]
IndexError: list index out of range
2017-05-03 14:56:28,705 - link_extractor - ERROR - ERR: ----exception occured----
Traceback (most recent call last):
  File "getQueries.py", line 87, in search_query
    product_link = product_links[0]
IndexError: list index out of range
2017-05-03 14:56:33,258 - link_extractor - ERROR - ERR: ----exception occured----
Traceback (most recent call last):
  File "getQueries.py", line 87, in search_query
    product_link = product_links[0]
IndexError: list index out of range
2017-05-03 14:56:38,005 - link_extractor - ERROR - ERR: ----exception occured----
Traceback (most recent call last):
  File "getQueries.py", line 87, in search_query
    product_link = product_links[0]
IndexError: list index out of range
2017-05-03 14:56:59,414 - link_extractor - INFO - -----------------------------------------------
2017-05-03 14:56:59,415 - link_extractor - INFO - creating search class
2017-05-03 14:57:02,762 - link_extractor - INFO - SUCCESS: product link sucessfully extracted:
2017-05-03 14:57:08,387 - link_extractor - INFO - SUCCESS: product link sucessfully extracted:
2017-05-03 14:57:12,725 - link_extractor - INFO - SUCCESS: product link sucessfully extracted:
2017-05-03 14:57:15,728 - link_extractor - INFO - SUCCESS: product link sucessfully extracted:
2017-05-03 14:57:52,089 - link_extractor - INFO - -----------------------------------------------
2017-05-03 14:57:52,089 - link_extractor - INFO - creating search class
2017-05-03 14:57:56,781 - link_extractor - INFO - SUCCESS: product link sucessfully extracted:
2017-05-03 14:57:59,536 - link_extractor - INFO - SUCCESS: product link sucessfully extracted:
2017-05-03 14:58:02,644 - link_extractor - INFO - SUCCESS: product link sucessfully extracted:
2017-05-03 14:58:05,891 - link_extractor - INFO - SUCCESS: product link sucessfully extracted:
2017-05-03 14:58:19,489 - link_extractor - INFO - -----------------------------------------------
2017-05-03 14:58:19,489 - link_extractor - INFO - creating search class
2017-05-03 14:58:22,598 - link_extractor - INFO - SUCCESS: product link sucessfully extracted:
2017-05-03 14:58:26,274 - link_extractor - INFO - SUCCESS: product link sucessfully extracted:
2017-05-03 14:58:29,169 - link_extractor - INFO - SUCCESS: product link sucessfully extracted:
2017-05-03 14:58:37,876 - link_extractor - INFO - SUCCESS: product link sucessfully extracted:
2017-05-03 14:58:44,683 - link_extractor - INFO - -----------------------------------------------
2017-05-03 14:58:44,683 - link_extractor - INFO - creating search class
2017-05-03 14:58:47,660 - link_extractor - INFO - SUCCESS: product link sucessfully extracted:
2017-05-03 14:58:51,434 - link_extractor - INFO - SUCCESS: product link sucessfully extracted:
2017-05-03 14:58:55,109 - link_extractor - INFO - SUCCESS: product link sucessfully extracted:
2017-05-03 14:58:58,238 - link_extractor - ERROR - ERR: ----exception occured----
Traceback (most recent call last):
  File "getQueries.py", line 86, in search_query
    product_links = items[2].xpath(XPATH_LINK) #good?
IndexError: list index out of range
2017-05-03 15:00:22,229 - link_extractor - INFO - -----------------------------------------------
2017-05-03 15:00:22,231 - link_extractor - INFO - creating search class
2017-05-03 15:00:25,439 - link_extractor - INFO - SUCCESS: product link sucessfully extracted:
2017-05-03 15:00:29,357 - link_extractor - INFO - SUCCESS: product link sucessfully extracted:
2017-05-03 15:00:33,327 - link_extractor - INFO - SUCCESS: product link sucessfully extracted:
2017-05-03 15:00:36,543 - link_extractor - INFO - SUCCESS: product link sucessfully extracted:
2017-05-03 15:06:46,686 - link_extractor - INFO - -----------------------------------------------
2017-05-03 15:06:46,687 - link_extractor - INFO - creating search class
2017-05-03 15:09:25,575 - link_extractor - INFO - -----------------------------------------------
2017-05-03 15:09:25,575 - link_extractor - INFO - creating search class
2017-05-03 15:09:55,859 - link_extractor - INFO - -----------------------------------------------
2017-05-03 15:09:55,859 - link_extractor - INFO - creating search class
2017-05-03 15:10:46,633 - link_extractor - INFO - -----------------------------------------------
2017-05-03 15:10:46,634 - link_extractor - INFO - creating search class
2017-05-03 15:11:18,065 - link_extractor - INFO - -----------------------------------------------
2017-05-03 15:11:18,065 - link_extractor - INFO - creating search class
2017-05-03 15:11:29,702 - link_extractor - INFO - -----------------------------------------------
2017-05-03 15:11:29,703 - link_extractor - INFO - creating search class
2017-05-03 15:11:33,499 - link_extractor - INFO - SUCCESS: product link sucessfully extracted:
2017-05-03 15:11:39,063 - link_extractor - INFO - SUCCESS: product link sucessfully extracted:
2017-05-03 15:11:42,734 - link_extractor - INFO - SUCCESS: product link sucessfully extracted:
2017-05-03 15:11:46,226 - link_extractor - INFO - SUCCESS: product link sucessfully extracted:
2017-05-03 15:11:58,813 - link_extractor - INFO - -----------------------------------------------
2017-05-03 15:11:58,815 - link_extractor - INFO - creating search class
2017-05-03 15:12:05,758 - link_extractor - INFO - SUCCESS: product link sucessfully extracted:
2017-05-03 15:12:11,825 - link_extractor - INFO - SUCCESS: product link sucessfully extracted:
2017-05-03 15:12:15,674 - link_extractor - INFO - SUCCESS: product link sucessfully extracted:
2017-05-03 15:12:21,322 - link_extractor - INFO - SUCCESS: product link sucessfully extracted:
2017-05-03 15:51:28,889 - link_extractor - INFO - -----------------------------------------------
2017-05-03 15:51:28,889 - link_extractor - INFO - creating search class
2017-05-03 15:51:31,688 - link_extractor - ERROR - ERR: ----exception occured----
Traceback (most recent call last):
  File "getQueries.py", line 87, in search_query
    product_links = items[0].xpath(XPATH_LINK) #good?
IndexError: list index out of range
2017-05-03 15:51:35,365 - link_extractor - ERROR - ERR: ----exception occured----
Traceback (most recent call last):
  File "getQueries.py", line 87, in search_query
    product_links = items[0].xpath(XPATH_LINK) #good?
IndexError: list index out of range
2017-05-03 15:51:38,424 - link_extractor - ERROR - ERR: ----exception occured----
Traceback (most recent call last):
  File "getQueries.py", line 87, in search_query
    product_links = items[0].xpath(XPATH_LINK) #good?
IndexError: list index out of range
2017-05-03 15:51:43,627 - link_extractor - ERROR - ERR: ----exception occured----
Traceback (most recent call last):
  File "getQueries.py", line 87, in search_query
    product_links = items[0].xpath(XPATH_LINK) #good?
IndexError: list index out of range
2017-05-03 15:51:56,072 - link_extractor - INFO - -----------------------------------------------
2017-05-03 15:51:56,072 - link_extractor - INFO - creating search class
2017-05-03 15:51:59,279 - link_extractor - ERROR - ERR: ----exception occured----
Traceback (most recent call last):
  File "getQueries.py", line 87, in search_query
    product_links = items[0].xpath(XPATH_LINK) #good?
IndexError: list index out of range
2017-05-03 15:52:02,243 - link_extractor - ERROR - ERR: ----exception occured----
Traceback (most recent call last):
  File "getQueries.py", line 87, in search_query
    product_links = items[0].xpath(XPATH_LINK) #good?
IndexError: list index out of range
2017-05-03 15:52:04,897 - link_extractor - ERROR - ERR: ----exception occured----
Traceback (most recent call last):
  File "getQueries.py", line 87, in search_query
    product_links = items[0].xpath(XPATH_LINK) #good?
IndexError: list index out of range
2017-05-03 15:52:08,268 - link_extractor - ERROR - ERR: ----exception occured----
Traceback (most recent call last):
  File "getQueries.py", line 87, in search_query
    product_links = items[0].xpath(XPATH_LINK) #good?
IndexError: list index out of range
2017-05-03 15:53:00,602 - link_extractor - INFO - -----------------------------------------------
2017-05-03 15:53:00,602 - link_extractor - INFO - creating search class
2017-05-03 15:53:06,116 - link_extractor - INFO - SUCCESS: product link sucessfully extracted:
2017-05-03 15:53:10,182 - link_extractor - ERROR - ERR: ----exception occured----
Traceback (most recent call last):
  File "getQueries.py", line 88, in search_query
    product_links = items[0].xpath(XPATH_LINK) #good?
IndexError: list index out of range
2017-05-03 15:53:13,479 - link_extractor - INFO - SUCCESS: product link sucessfully extracted:
2017-05-03 15:53:16,422 - link_extractor - INFO - SUCCESS: product link sucessfully extracted:
2017-05-03 15:53:27,047 - link_extractor - INFO - -----------------------------------------------
2017-05-03 15:53:27,047 - link_extractor - INFO - creating search class
2017-05-03 15:53:31,239 - link_extractor - INFO - SUCCESS: product link sucessfully extracted:
2017-05-03 15:53:34,769 - link_extractor - INFO - SUCCESS: product link sucessfully extracted:
2017-05-03 15:53:37,666 - link_extractor - INFO - SUCCESS: product link sucessfully extracted:
2017-05-03 15:53:41,564 - link_extractor - INFO - SUCCESS: product link sucessfully extracted:
2017-05-03 15:54:38,504 - link_extractor - INFO - -----------------------------------------------
2017-05-03 15:54:38,505 - link_extractor - INFO - creating search class
2017-05-03 15:54:41,353 - link_extractor - INFO - SUCCESS: product link sucessfully extracted:
2017-05-03 15:54:44,437 - link_extractor - INFO - SUCCESS: product link sucessfully extracted:
2017-05-03 15:54:55,207 - link_extractor - INFO - SUCCESS: product link sucessfully extracted:
2017-05-03 15:54:58,597 - link_extractor - INFO - SUCCESS: product link sucessfully extracted:
2017-05-03 16:04:26,433 - link_extractor - INFO - -----------------------------------------------
2017-05-03 16:04:26,434 - link_extractor - INFO - creating search class
2017-05-03 16:04:29,714 - link_extractor - INFO - SUCCESS: product link sucessfully extracted:
2017-05-03 16:04:32,947 - link_extractor - INFO - SUCCESS: product link sucessfully extracted:
2017-05-03 16:04:37,383 - link_extractor - INFO - SUCCESS: product link sucessfully extracted:
2017-05-03 16:04:41,596 - link_extractor - INFO - SUCCESS: product link sucessfully extracted:
2017-05-03 16:04:58,939 - link_extractor - INFO - -----------------------------------------------
2017-05-03 16:04:58,939 - link_extractor - INFO - creating search class
2017-05-03 16:05:01,904 - link_extractor - INFO - SUCCESS: product link sucessfully extracted:
2017-05-03 16:05:07,361 - link_extractor - INFO - SUCCESS: product link sucessfully extracted:
2017-05-03 16:05:09,994 - link_extractor - INFO - SUCCESS: product link sucessfully extracted:
2017-05-03 16:05:14,447 - link_extractor - INFO - SUCCESS: product link sucessfully extracted:
2017-05-03 16:06:34,180 - link_extractor - INFO - -----------------------------------------------
2017-05-03 16:06:34,182 - link_extractor - INFO - creating search class
2017-05-03 16:06:47,959 - link_extractor - INFO - -----------------------------------------------
2017-05-03 16:06:47,959 - link_extractor - INFO - creating search class
2017-05-03 16:06:52,605 - link_extractor - INFO - SUCCESS: product link sucessfully extracted:
2017-05-03 16:06:56,415 - link_extractor - INFO - SUCCESS: product link sucessfully extracted:
2017-05-03 16:06:59,717 - link_extractor - INFO - SUCCESS: product link sucessfully extracted:
2017-05-03 16:07:03,197 - link_extractor - INFO - SUCCESS: product link sucessfully extracted:
2017-05-03 16:07:26,576 - link_extractor - INFO - -----------------------------------------------
2017-05-03 16:07:26,576 - link_extractor - INFO - creating search class
2017-05-03 16:07:29,280 - link_extractor - INFO - SUCCESS: product link sucessfully extracted:
2017-05-03 16:07:32,644 - link_extractor - INFO - SUCCESS: product link sucessfully extracted:
2017-05-03 16:07:38,806 - link_extractor - INFO - SUCCESS: product link sucessfully extracted:
2017-05-03 16:07:42,048 - link_extractor - INFO - SUCCESS: product link sucessfully extracted:
2017-05-03 16:09:26,331 - link_extractor - INFO - -----------------------------------------------
2017-05-03 16:09:26,332 - link_extractor - INFO - creating search class
2017-05-03 16:09:29,894 - link_extractor - INFO - SUCCESS: product link sucessfully extracted:
2017-05-03 16:09:33,691 - link_extractor - INFO - SUCCESS: product link sucessfully extracted:
2017-05-03 16:09:37,362 - link_extractor - INFO - SUCCESS: product link sucessfully extracted:
2017-05-03 16:09:42,756 - link_extractor - INFO - SUCCESS: product link sucessfully extracted:
2017-05-03 16:10:33,323 - link_extractor - INFO - -----------------------------------------------
2017-05-03 16:10:33,324 - link_extractor - INFO - creating search class
2017-05-03 16:10:36,501 - link_extractor - INFO - SUCCESS: product link sucessfully extracted:
2017-05-03 16:10:36,503 - link_extractor - ERROR - ERR: ----exception occured----
Traceback (most recent call last):
  File "getQueries.py", line 85, in search_query
    product_link = DOMAIN + str(product_links[i])
IndexError: list index out of range
2017-05-03 16:10:40,685 - link_extractor - INFO - SUCCESS: product link sucessfully extracted:
2017-05-03 16:10:40,686 - link_extractor - ERROR - ERR: ----exception occured----
Traceback (most recent call last):
  File "getQueries.py", line 85, in search_query
    product_link = DOMAIN + str(product_links[i])
IndexError: list index out of range
2017-05-03 16:11:20,937 - link_extractor - INFO - -----------------------------------------------
2017-05-03 16:11:20,937 - link_extractor - INFO - creating search class
2017-05-03 16:11:23,830 - link_extractor - INFO - SUCCESS: product link sucessfully extracted:
2017-05-03 16:11:27,237 - link_extractor - INFO - SUCCESS: product link sucessfully extracted:
2017-05-03 16:11:30,923 - link_extractor - INFO - SUCCESS: product link sucessfully extracted:
2017-05-03 16:11:34,492 - link_extractor - INFO - SUCCESS: product link sucessfully extracted:
2017-05-03 16:23:07,502 - link_extractor - INFO - -----------------------------------------------
2017-05-03 16:23:07,506 - link_extractor - INFO - creating search class
2017-05-03 16:23:10,370 - link_extractor - INFO - SUCCESS: product link sucessfully extracted:
2017-05-03 16:23:10,371 - link_extractor - ERROR - ERR: ----exception occured----
Traceback (most recent call last):
  File "getQueries.py", line 83, in search_query
    product_link = DOMAIN + str(product_links[i])
IndexError: list index out of range
2017-05-03 16:23:14,640 - link_extractor - INFO - SUCCESS: product link sucessfully extracted:
2017-05-03 16:23:14,641 - link_extractor - ERROR - ERR: ----exception occured----
Traceback (most recent call last):
  File "getQueries.py", line 83, in search_query
    product_link = DOMAIN + str(product_links[i])
IndexError: list index out of range
2017-05-03 16:23:18,637 - link_extractor - INFO - SUCCESS: product link sucessfully extracted:
2017-05-03 16:23:18,642 - link_extractor - ERROR - ERR: ----exception occured----
Traceback (most recent call last):
  File "getQueries.py", line 83, in search_query
    product_link = DOMAIN + str(product_links[i])
IndexError: list index out of range
2017-05-03 16:23:22,167 - link_extractor - INFO - SUCCESS: product link sucessfully extracted:
2017-05-03 16:23:22,168 - link_extractor - ERROR - ERR: ----exception occured----
Traceback (most recent call last):
  File "getQueries.py", line 83, in search_query
    product_link = DOMAIN + str(product_links[i])
IndexError: list index out of range
2017-05-03 16:23:36,686 - link_extractor - INFO - -----------------------------------------------
2017-05-03 16:23:36,686 - link_extractor - INFO - creating search class
2017-05-03 16:23:40,073 - link_extractor - INFO - SUCCESS: product link sucessfully extracted:
2017-05-03 16:23:40,075 - link_extractor - INFO - SUCCESS: product link sucessfully extracted:
2017-05-03 16:23:46,857 - link_extractor - INFO - SUCCESS: product link sucessfully extracted:
2017-05-03 16:23:46,858 - link_extractor - INFO - SUCCESS: product link sucessfully extracted:
2017-05-03 16:23:50,607 - link_extractor - INFO - SUCCESS: product link sucessfully extracted:
2017-05-03 16:23:50,609 - link_extractor - INFO - SUCCESS: product link sucessfully extracted:
2017-05-03 16:23:54,415 - link_extractor - INFO - SUCCESS: product link sucessfully extracted:
2017-05-03 16:23:54,416 - link_extractor - INFO - SUCCESS: product link sucessfully extracted:
2017-05-03 17:24:03,263 - link_extractor - INFO - -----------------------------------------------
2017-05-03 17:24:03,263 - link_extractor - INFO - creating search class
2017-05-03 17:25:03,230 - link_extractor - INFO - -----------------------------------------------
2017-05-03 17:25:03,231 - link_extractor - INFO - creating search class
2017-05-03 17:25:12,990 - link_extractor - INFO - -----------------------------------------------
2017-05-03 17:25:12,990 - link_extractor - INFO - creating search class
2017-05-03 17:25:18,994 - link_extractor - INFO - SUCCESS: product link sucessfully extracted:
2017-05-03 17:25:18,995 - link_extractor - INFO - SUCCESS: product link sucessfully extracted:
2017-05-03 17:25:22,236 - link_extractor - ERROR - ERR: ----exception occured----
Traceback (most recent call last):
  File "/home/ubuntu/workspace/itemDataExtractSpider/itemDataExtractSpider/spiders/modules/getQueries.py", line 82, in search_query
    product_links = items[i].xpath(XPATH_LINK) #good?
IndexError: list index out of range
2017-05-03 17:25:22,238 - link_extractor - ERROR - ERR: ----exception occured----
Traceback (most recent call last):
  File "/home/ubuntu/workspace/itemDataExtractSpider/itemDataExtractSpider/spiders/modules/getQueries.py", line 82, in search_query
    product_links = items[i].xpath(XPATH_LINK) #good?
IndexError: list index out of range
2017-05-03 17:25:29,132 - link_extractor - INFO - SUCCESS: product link sucessfully extracted:
2017-05-03 17:25:29,134 - link_extractor - INFO - SUCCESS: product link sucessfully extracted:
2017-05-03 17:25:33,717 - link_extractor - INFO - SUCCESS: product link sucessfully extracted:
2017-05-03 17:25:33,719 - link_extractor - INFO - SUCCESS: product link sucessfully extracted:
2017-05-03 17:25:58,031 - link_extractor - INFO - -----------------------------------------------
2017-05-03 17:25:58,032 - link_extractor - INFO - creating search class
2017-05-03 17:26:00,666 - link_extractor - ERROR - ERR: ----exception occured----
Traceback (most recent call last):
  File "/home/ubuntu/workspace/itemDataExtractSpider/itemDataExtractSpider/spiders/modules/getQueries.py", line 82, in search_query
    product_links = items[i].xpath(XPATH_LINK) #good?
IndexError: list index out of range
2017-05-03 17:26:03,632 - link_extractor - INFO - SUCCESS: product link sucessfully extracted:
2017-05-03 17:26:06,439 - link_extractor - INFO - SUCCESS: product link sucessfully extracted:
2017-05-03 17:26:10,621 - link_extractor - INFO - SUCCESS: product link sucessfully extracted:
2017-05-03 17:37:13,538 - link_extractor - INFO - -----------------------------------------------
2017-05-03 17:37:13,540 - link_extractor - INFO - creating search class
2017-05-03 17:37:18,362 - link_extractor - INFO - SUCCESS: product link sucessfully extracted:
2017-05-03 17:37:28,693 - link_extractor - ERROR - ERR: ----exception occured----
Traceback (most recent call last):
  File "/home/ubuntu/workspace/itemDataExtractSpider/itemDataExtractSpider/spiders/modules/getQueries.py", line 82, in search_query
    product_links = items[i].xpath(XPATH_LINK) #good?
IndexError: list index out of range
2017-05-03 17:37:32,470 - link_extractor - INFO - SUCCESS: product link sucessfully extracted:
2017-05-03 17:37:37,749 - link_extractor - INFO - SUCCESS: product link sucessfully extracted:
2017-05-03 17:39:09,691 - link_extractor - INFO - -----------------------------------------------
2017-05-03 17:39:09,691 - link_extractor - INFO - creating search class
2017-05-03 17:39:13,149 - link_extractor - INFO - SUCCESS: product link sucessfully extracted:
2017-05-03 17:39:17,608 - link_extractor - INFO - SUCCESS: product link sucessfully extracted:
2017-05-03 17:39:23,882 - link_extractor - ERROR - ERR: ----exception occured----
Traceback (most recent call last):
  File "/home/ubuntu/workspace/itemDataExtractSpider/itemDataExtractSpider/spiders/modules/getQueries.py", line 82, in search_query
    product_links = items[i].xpath(XPATH_LINK) #good?
IndexError: list index out of range
2017-05-03 17:39:27,271 - link_extractor - INFO - SUCCESS: product link sucessfully extracted:
2017-05-03 17:41:12,661 - link_extractor - INFO - -----------------------------------------------
2017-05-03 17:41:12,661 - link_extractor - INFO - creating search class
2017-05-03 17:41:16,220 - link_extractor - INFO - SUCCESS: product link sucessfully extracted:
2017-05-03 17:41:24,922 - link_extractor - INFO - SUCCESS: product link sucessfully extracted:
2017-05-03 17:41:33,125 - link_extractor - ERROR - ERR: ----exception occured----
Traceback (most recent call last):
  File "/home/ubuntu/workspace/itemDataExtractSpider/itemDataExtractSpider/spiders/modules/getQueries.py", line 82, in search_query
    product_links = items[i].xpath(XPATH_LINK) #good?
IndexError: list index out of range
2017-05-03 17:41:39,879 - link_extractor - INFO - SUCCESS: product link sucessfully extracted:
2017-05-03 21:23:29,476 - link_extractor - INFO - -----------------------------------------------
2017-05-03 21:23:29,478 - link_extractor - INFO - creating search class
2017-05-03 21:23:35,096 - link_extractor - INFO - SUCCESS: product link sucessfully extracted:
2017-05-03 21:23:39,147 - link_extractor - INFO - SUCCESS: product link sucessfully extracted:
2017-05-03 21:23:42,525 - link_extractor - INFO - SUCCESS: product link sucessfully extracted:
2017-05-03 21:23:47,004 - link_extractor - INFO - SUCCESS: product link sucessfully extracted:
2017-05-03 21:24:36,812 - link_extractor - INFO - -----------------------------------------------
2017-05-03 21:24:36,812 - link_extractor - INFO - creating search class
2017-05-03 21:24:40,122 - link_extractor - INFO - SUCCESS: product link sucessfully extracted:
2017-05-03 21:24:48,920 - link_extractor - ERROR - ERR: ----exception occured----
Traceback (most recent call last):
  File "/home/ubuntu/workspace/itemDataExtractSpider/itemDataExtractSpider/spiders/modules/getQueries.py", line 83, in search_query
    product_links = items[i].xpath(XPATH_LINK) #good?
IndexError: list index out of range
2017-05-03 21:24:53,098 - link_extractor - INFO - SUCCESS: product link sucessfully extracted:
2017-05-03 21:24:59,479 - link_extractor - INFO - SUCCESS: product link sucessfully extracted:
2017-05-04 14:15:12,616 - link_extractor - INFO - -----------------------------------------------
2017-05-04 14:15:12,616 - link_extractor - INFO - creating search class
2017-05-04 14:15:16,367 - link_extractor - INFO - SUCCESS: product link sucessfully extracted:
2017-05-04 14:15:25,858 - link_extractor - INFO - SUCCESS: product link sucessfully extracted:
2017-05-04 14:15:28,906 - link_extractor - INFO - SUCCESS: product link sucessfully extracted:
2017-05-04 14:15:33,815 - link_extractor - INFO - SUCCESS: product link sucessfully extracted:
2017-05-04 14:23:05,440 - link_extractor - INFO - -----------------------------------------------
2017-05-04 14:23:05,440 - link_extractor - INFO - creating search class
2017-05-04 14:23:09,156 - link_extractor - INFO - SUCCESS: product link sucessfully extracted:
2017-05-04 14:23:12,634 - link_extractor - INFO - SUCCESS: product link sucessfully extracted:
2017-05-04 14:23:15,760 - link_extractor - INFO - SUCCESS: product link sucessfully extracted:
2017-05-04 14:23:19,206 - link_extractor - INFO - SUCCESS: product link sucessfully extracted:
2017-05-04 14:24:05,960 - link_extractor - INFO - -----------------------------------------------
2017-05-04 14:24:05,964 - link_extractor - INFO - creating search class
2017-05-04 14:24:09,289 - link_extractor - INFO - SUCCESS: product link sucessfully extracted:
2017-05-04 14:24:12,462 - link_extractor - INFO - SUCCESS: product link sucessfully extracted:
2017-05-04 14:24:20,773 - link_extractor - INFO - SUCCESS: product link sucessfully extracted:
2017-05-04 14:24:24,332 - link_extractor - INFO - SUCCESS: product link sucessfully extracted:
2017-05-04 14:43:23,297 - link_extractor - INFO - -----------------------------------------------
2017-05-04 14:43:23,298 - link_extractor - INFO - creating search class
2017-05-04 14:43:28,291 - link_extractor - INFO - SUCCESS: product link sucessfully extracted:
2017-05-04 14:43:32,171 - link_extractor - INFO - SUCCESS: product link sucessfully extracted:
2017-05-04 14:43:35,844 - link_extractor - INFO - SUCCESS: product link sucessfully extracted:
2017-05-04 14:43:39,040 - link_extractor - INFO - SUCCESS: product link sucessfully extracted:
2017-05-04 14:44:20,176 - link_extractor - INFO - -----------------------------------------------
2017-05-04 14:44:20,176 - link_extractor - INFO - creating search class
2017-05-04 14:44:23,870 - link_extractor - INFO - SUCCESS: product link sucessfully extracted:
2017-05-04 14:44:27,774 - link_extractor - INFO - SUCCESS: product link sucessfully extracted:
2017-05-04 14:44:31,808 - link_extractor - INFO - SUCCESS: product link sucessfully extracted:
2017-05-04 14:44:37,272 - link_extractor - INFO - SUCCESS: product link sucessfully extracted:
2017-05-04 14:51:05,906 - link_extractor - INFO - -----------------------------------------------
2017-05-04 14:51:05,906 - link_extractor - INFO - creating search class
2017-05-04 14:51:09,571 - link_extractor - INFO - SUCCESS: product link sucessfully extracted:
2017-05-04 14:51:12,450 - link_extractor - INFO - SUCCESS: product link sucessfully extracted:
2017-05-04 14:51:15,903 - link_extractor - INFO - SUCCESS: product link sucessfully extracted:
2017-05-04 14:51:20,079 - link_extractor - INFO - SUCCESS: product link sucessfully extracted:
2017-05-04 15:17:29,091 - link_extractor - INFO - -----------------------------------------------
2017-05-04 15:17:29,091 - link_extractor - INFO - creating search class
2017-05-04 15:17:33,640 - link_extractor - INFO - SUCCESS: product link sucessfully extracted:
2017-05-04 15:17:36,782 - link_extractor - INFO - SUCCESS: product link sucessfully extracted:
2017-05-04 15:17:42,620 - link_extractor - INFO - SUCCESS: product link sucessfully extracted:
2017-05-04 15:17:49,619 - link_extractor - INFO - SUCCESS: product link sucessfully extracted:
2017-05-04 15:25:29,367 - link_extractor - INFO - -----------------------------------------------
2017-05-04 15:25:29,367 - link_extractor - INFO - creating search class
2017-05-04 15:25:33,599 - link_extractor - INFO - SUCCESS: product link sucessfully extracted:
2017-05-04 15:25:36,996 - link_extractor - INFO - SUCCESS: product link sucessfully extracted:
2017-05-04 15:25:40,495 - link_extractor - INFO - SUCCESS: product link sucessfully extracted:
2017-05-04 15:25:44,536 - link_extractor - INFO - SUCCESS: product link sucessfully extracted:
2017-05-04 15:28:22,217 - link_extractor - INFO - -----------------------------------------------
2017-05-04 15:28:22,218 - link_extractor - INFO - creating search class
2017-05-04 15:28:26,284 - link_extractor - INFO - SUCCESS: product link sucessfully extracted:
2017-05-04 15:28:29,876 - link_extractor - INFO - SUCCESS: product link sucessfully extracted:
2017-05-04 15:28:32,940 - link_extractor - INFO - SUCCESS: product link sucessfully extracted:
2017-05-04 15:28:36,663 - link_extractor - INFO - SUCCESS: product link sucessfully extracted:
2017-05-04 15:29:05,163 - link_extractor - INFO - -----------------------------------------------
2017-05-04 15:29:05,163 - link_extractor - INFO - creating search class
2017-05-04 15:29:09,428 - link_extractor - INFO - SUCCESS: product link sucessfully extracted:
2017-05-04 15:29:12,921 - link_extractor - INFO - SUCCESS: product link sucessfully extracted:
2017-05-04 15:29:15,859 - link_extractor - INFO - SUCCESS: product link sucessfully extracted:
2017-05-04 15:29:20,366 - link_extractor - INFO - SUCCESS: product link sucessfully extracted:
2017-05-04 15:29:42,205 - link_extractor - INFO - -----------------------------------------------
2017-05-04 15:29:42,205 - link_extractor - INFO - creating search class
2017-05-04 15:29:45,864 - link_extractor - INFO - SUCCESS: product link sucessfully extracted:
2017-05-04 15:29:50,475 - link_extractor - INFO - SUCCESS: product link sucessfully extracted:
2017-05-04 15:29:53,366 - link_extractor - INFO - SUCCESS: product link sucessfully extracted:
2017-05-04 15:29:57,289 - link_extractor - INFO - SUCCESS: product link sucessfully extracted:
2017-05-04 15:30:14,505 - link_extractor - INFO - -----------------------------------------------
2017-05-04 15:30:14,505 - link_extractor - INFO - creating search class
2017-05-04 15:30:18,157 - link_extractor - INFO - SUCCESS: product link sucessfully extracted:
2017-05-04 15:30:22,443 - link_extractor - INFO - SUCCESS: product link sucessfully extracted:
2017-05-04 15:30:25,871 - link_extractor - INFO - SUCCESS: product link sucessfully extracted:
2017-05-04 15:30:30,030 - link_extractor - INFO - SUCCESS: product link sucessfully extracted:
2017-05-04 15:31:44,060 - link_extractor - INFO - -----------------------------------------------
2017-05-04 15:31:44,061 - link_extractor - INFO - creating search class
2017-05-04 15:31:47,588 - link_extractor - INFO - SUCCESS: product link sucessfully extracted:
2017-05-04 15:31:51,147 - link_extractor - INFO - SUCCESS: product link sucessfully extracted:
2017-05-04 15:31:54,467 - link_extractor - INFO - SUCCESS: product link sucessfully extracted:
2017-05-04 15:31:58,027 - link_extractor - INFO - SUCCESS: product link sucessfully extracted:
2017-05-04 15:33:40,120 - link_extractor - INFO - -----------------------------------------------
2017-05-04 15:33:40,121 - link_extractor - INFO - creating search class
2017-05-04 15:33:44,198 - link_extractor - INFO - SUCCESS: product link sucessfully extracted:
2017-05-04 15:33:48,625 - link_extractor - INFO - SUCCESS: product link sucessfully extracted:
2017-05-04 15:33:52,052 - link_extractor - INFO - SUCCESS: product link sucessfully extracted:
2017-05-04 15:33:55,923 - link_extractor - INFO - SUCCESS: product link sucessfully extracted:
2017-05-04 15:35:13,698 - link_extractor - INFO - -----------------------------------------------
2017-05-04 15:35:13,698 - link_extractor - INFO - creating search class
2017-05-04 15:35:18,186 - link_extractor - INFO - SUCCESS: product link sucessfully extracted:
2017-05-04 15:35:21,557 - link_extractor - INFO - SUCCESS: product link sucessfully extracted:
2017-05-04 15:35:24,756 - link_extractor - INFO - SUCCESS: product link sucessfully extracted:
2017-05-04 15:35:28,314 - link_extractor - INFO - SUCCESS: product link sucessfully extracted:
2017-05-04 15:36:50,431 - link_extractor - INFO - -----------------------------------------------
2017-05-04 15:36:50,432 - link_extractor - INFO - creating search class
2017-05-04 15:36:56,084 - link_extractor - INFO - SUCCESS: product link sucessfully extracted:
2017-05-04 15:37:02,672 - link_extractor - INFO - SUCCESS: product link sucessfully extracted:
2017-05-04 15:37:06,082 - link_extractor - INFO - SUCCESS: product link sucessfully extracted:
2017-05-04 15:37:12,205 - link_extractor - INFO - SUCCESS: product link sucessfully extracted:
2017-05-04 15:38:37,071 - link_extractor - INFO - -----------------------------------------------
2017-05-04 15:38:37,071 - link_extractor - INFO - creating search class
2017-05-04 15:38:48,533 - link_extractor - INFO - SUCCESS: product link sucessfully extracted:
2017-05-04 15:38:52,743 - link_extractor - INFO - SUCCESS: product link sucessfully extracted:
2017-05-04 15:39:00,694 - link_extractor - ERROR - ERR: ----exception occured----
Traceback (most recent call last):
  File "/home/ubuntu/workspace/itemDataExtractSpider/itemDataExtractSpider/spiders/modules/getQueries.py", line 83, in search_query
    product_links = items[i].xpath(XPATH_LINK) #good?
IndexError: list index out of range
2017-05-04 15:39:05,013 - link_extractor - INFO - SUCCESS: product link sucessfully extracted:
2017-05-04 16:34:37,046 - link_extractor - INFO - -----------------------------------------------
2017-05-04 16:34:37,047 - link_extractor - INFO - creating search class
2017-05-04 16:34:40,602 - link_extractor - INFO - SUCCESS: product link sucessfully extracted:
2017-05-04 16:34:43,559 - link_extractor - INFO - SUCCESS: product link sucessfully extracted:
2017-05-04 16:34:46,667 - link_extractor - INFO - SUCCESS: product link sucessfully extracted:
2017-05-04 16:34:49,902 - link_extractor - INFO - SUCCESS: product link sucessfully extracted:
2017-05-04 16:35:42,687 - link_extractor - INFO - -----------------------------------------------
2017-05-04 16:35:42,687 - link_extractor - INFO - creating search class
2017-05-04 16:35:45,574 - link_extractor - INFO - SUCCESS: product link sucessfully extracted:
2017-05-04 16:35:49,534 - link_extractor - INFO - SUCCESS: product link sucessfully extracted:
2017-05-04 16:35:52,189 - link_extractor - INFO - SUCCESS: product link sucessfully extracted:
2017-05-04 16:35:55,943 - link_extractor - INFO - SUCCESS: product link sucessfully extracted:
2017-05-04 16:37:08,326 - link_extractor - INFO - -----------------------------------------------
2017-05-04 16:37:08,326 - link_extractor - INFO - creating search class
2017-05-04 16:37:11,728 - link_extractor - INFO - SUCCESS: product link sucessfully extracted:
2017-05-04 16:37:15,047 - link_extractor - INFO - SUCCESS: product link sucessfully extracted:
2017-05-04 16:37:17,744 - link_extractor - INFO - SUCCESS: product link sucessfully extracted:
2017-05-04 16:37:21,824 - link_extractor - INFO - SUCCESS: product link sucessfully extracted:
2017-05-04 16:39:58,833 - link_extractor - INFO - -----------------------------------------------
2017-05-04 16:39:58,834 - link_extractor - INFO - creating search class
2017-05-04 16:40:01,886 - link_extractor - ERROR - ERR: ----exception occured----
Traceback (most recent call last):
  File "/home/ubuntu/workspace/itemDataExtractSpider/itemDataExtractSpider/spiders/modules/getQueries.py", line 83, in search_query
    product_links = items[i].xpath(XPATH_LINK) #good?
IndexError: list index out of range
2017-05-04 16:40:05,164 - link_extractor - INFO - SUCCESS: product link sucessfully extracted:
2017-05-04 16:40:07,799 - link_extractor - INFO - SUCCESS: product link sucessfully extracted:
2017-05-04 16:40:11,002 - link_extractor - INFO - SUCCESS: product link sucessfully extracted:
2017-05-04 16:50:46,039 - link_extractor - INFO - -----------------------------------------------
2017-05-04 16:50:46,040 - link_extractor - INFO - creating search class
2017-05-04 16:52:03,587 - link_extractor - INFO - -----------------------------------------------
2017-05-04 16:52:03,587 - link_extractor - INFO - creating search class
2017-05-04 16:52:45,462 - link_extractor - INFO - -----------------------------------------------
2017-05-04 16:52:45,462 - link_extractor - INFO - creating search class
2017-05-04 16:54:54,289 - link_extractor - INFO - -----------------------------------------------
2017-05-04 16:54:54,289 - link_extractor - INFO - creating search class
2017-05-04 16:57:49,344 - link_extractor - INFO - -----------------------------------------------
2017-05-04 16:57:49,344 - link_extractor - INFO - creating search class
2017-05-04 16:57:53,107 - link_extractor - INFO - SUCCESS: product link sucessfully extracted:
2017-05-04 16:57:56,563 - link_extractor - INFO - SUCCESS: product link sucessfully extracted:
2017-05-04 16:57:59,832 - link_extractor - INFO - SUCCESS: product link sucessfully extracted:
2017-05-04 16:58:03,991 - link_extractor - INFO - SUCCESS: product link sucessfully extracted:
2017-05-04 16:59:33,462 - link_extractor - INFO - -----------------------------------------------
2017-05-04 16:59:33,463 - link_extractor - INFO - creating search class
2017-05-04 16:59:36,575 - link_extractor - INFO - SUCCESS: product link sucessfully extracted:
2017-05-04 16:59:40,785 - link_extractor - INFO - SUCCESS: product link sucessfully extracted:
2017-05-04 16:59:44,828 - link_extractor - INFO - SUCCESS: product link sucessfully extracted:
2017-05-04 16:59:47,976 - link_extractor - INFO - SUCCESS: product link sucessfully extracted:
2017-05-04 17:01:16,129 - link_extractor - INFO - -----------------------------------------------
2017-05-04 17:01:16,129 - link_extractor - INFO - creating search class
2017-05-04 17:01:19,974 - link_extractor - INFO - SUCCESS: product link sucessfully extracted:
2017-05-04 17:01:24,597 - link_extractor - INFO - SUCCESS: product link sucessfully extracted:
2017-05-04 17:01:28,462 - link_extractor - INFO - SUCCESS: product link sucessfully extracted:
2017-05-04 17:01:33,822 - link_extractor - INFO - SUCCESS: product link sucessfully extracted:
2017-05-04 17:02:33,077 - link_extractor - INFO - -----------------------------------------------
2017-05-04 17:02:33,077 - link_extractor - INFO - creating search class
2017-05-04 17:02:37,204 - link_extractor - INFO - SUCCESS: product link sucessfully extracted:
2017-05-04 17:02:42,156 - link_extractor - INFO - SUCCESS: product link sucessfully extracted:
2017-05-04 17:02:45,920 - link_extractor - INFO - SUCCESS: product link sucessfully extracted:
2017-05-04 17:02:49,783 - link_extractor - INFO - SUCCESS: product link sucessfully extracted:
2017-05-04 17:04:25,245 - link_extractor - INFO - -----------------------------------------------
2017-05-04 17:04:25,245 - link_extractor - INFO - creating search class
2017-05-04 17:04:29,403 - link_extractor - INFO - SUCCESS: product link sucessfully extracted:
2017-05-04 17:04:33,883 - link_extractor - INFO - SUCCESS: product link sucessfully extracted:
2017-05-04 17:04:37,687 - link_extractor - INFO - SUCCESS: product link sucessfully extracted:
2017-05-04 17:04:41,644 - link_extractor - INFO - SUCCESS: product link sucessfully extracted:
2017-05-04 17:13:14,258 - link_extractor - INFO - -----------------------------------------------
2017-05-04 17:13:14,259 - link_extractor - INFO - creating search class
2017-05-04 17:13:18,066 - link_extractor - INFO - SUCCESS: product link sucessfully extracted:
2017-05-04 17:13:22,375 - link_extractor - INFO - SUCCESS: product link sucessfully extracted:
2017-05-04 17:13:25,884 - link_extractor - INFO - SUCCESS: product link sucessfully extracted:
2017-05-04 17:13:29,483 - link_extractor - INFO - SUCCESS: product link sucessfully extracted:
2017-05-04 17:17:54,239 - link_extractor - INFO - -----------------------------------------------
2017-05-04 17:17:54,239 - link_extractor - INFO - creating search class
2017-05-04 17:17:57,288 - link_extractor - INFO - SUCCESS: product link sucessfully extracted:
2017-05-04 17:18:00,552 - link_extractor - ERROR - ERR: ----exception occured----
Traceback (most recent call last):
  File "/home/ubuntu/workspace/itemDataExtractSpider/itemDataExtractSpider/spiders/modules/getQueries.py", line 83, in search_query
    product_links = items[i].xpath(XPATH_LINK) #good?
IndexError: list index out of range
2017-05-04 17:18:04,435 - link_extractor - INFO - SUCCESS: product link sucessfully extracted:
2017-05-04 17:18:09,943 - link_extractor - INFO - SUCCESS: product link sucessfully extracted:
2017-05-04 17:19:00,842 - link_extractor - INFO - -----------------------------------------------
2017-05-04 17:19:00,842 - link_extractor - INFO - creating search class
2017-05-04 17:19:03,674 - link_extractor - INFO - SUCCESS: product link sucessfully extracted:
2017-05-04 17:19:07,542 - link_extractor - INFO - SUCCESS: product link sucessfully extracted:
2017-05-04 17:19:11,018 - link_extractor - INFO - SUCCESS: product link sucessfully extracted:
2017-05-04 17:19:15,164 - link_extractor - INFO - SUCCESS: product link sucessfully extracted:
2017-05-04 17:22:11,844 - link_extractor - INFO - -----------------------------------------------
2017-05-04 17:22:11,845 - link_extractor - INFO - creating search class
2017-05-04 17:22:17,049 - link_extractor - INFO - SUCCESS: product link sucessfully extracted:
2017-05-04 17:22:20,956 - link_extractor - INFO - SUCCESS: product link sucessfully extracted:
2017-05-04 17:22:23,923 - link_extractor - INFO - SUCCESS: product link sucessfully extracted:
2017-05-04 17:22:27,133 - link_extractor - INFO - SUCCESS: product link sucessfully extracted:
